<?xml version="1.0" encoding="UTF-8"?>
<!-- Generated by org.testng.reporters.JUnitXMLReporter -->
<testsuite hostname="MIS" ignored="0" name="Default test" tests="3" failures="0" timestamp="05 May 2017 15:32:40 GMT" time="13.276" errors="0">
  <testcase name="Login" time="6.691" classname="SeleniumAssignment.SeleniumAssignment.BookHoliday"/>
  <testcase name="Booking" time="5.197" classname="SeleniumAssignment.SeleniumAssignment.BookHoliday"/>
  <testcase name="payment" time="1.352" classname="SeleniumAssignment.SeleniumAssignment.BookHoliday"/>
</testsuite> <!-- Default test -->
