<?xml version="1.0" encoding="UTF-8"?>
<testng-results skipped="0" failed="0" ignored="0" total="3" passed="3">
  <reporter-output>
  </reporter-output>
  <suite name="Default suite" duration-ms="13276" started-at="2017-05-05T15:32:26Z" finished-at="2017-05-05T15:32:40Z">
    <groups>
    </groups>
    <test name="Default test" duration-ms="13276" started-at="2017-05-05T15:32:26Z" finished-at="2017-05-05T15:32:40Z">
      <class name="SeleniumAssignment.SeleniumAssignment.BookHoliday">
        <test-method status="PASS" signature="Login()[pri:1, instance:SeleniumAssignment.SeleniumAssignment.BookHoliday@26653222]" name="Login" duration-ms="6691" started-at="2017-05-05T16:32:26Z" finished-at="2017-05-05T16:32:33Z">
          <reporter-output>
          </reporter-output>
        </test-method> <!-- Login -->
        <test-method status="PASS" signature="Booking()[pri:2, instance:SeleniumAssignment.SeleniumAssignment.BookHoliday@26653222]" name="Booking" duration-ms="5197" started-at="2017-05-05T16:32:33Z" finished-at="2017-05-05T16:32:38Z">
          <reporter-output>
          </reporter-output>
        </test-method> <!-- Booking -->
        <test-method status="PASS" signature="payment()[pri:3, instance:SeleniumAssignment.SeleniumAssignment.BookHoliday@26653222]" name="payment" duration-ms="1352" started-at="2017-05-05T16:32:38Z" finished-at="2017-05-05T16:32:40Z">
          <reporter-output>
          </reporter-output>
        </test-method> <!-- payment -->
      </class> <!-- SeleniumAssignment.SeleniumAssignment.BookHoliday -->
    </test> <!-- Default test -->
  </suite> <!-- Default suite -->
</testng-results>
